
The following files have been resolved:
   com.github.jknack:handlebars-guava-cache:jar:4.0.6:compile
   org.eclipse.jetty:jetty-server:jar:9.4.12.v20180830:compile
   com.github.jknack:handlebars:jar:4.0.6:compile
   com.sparkjava:spark-core:jar:2.8.0:compile
   org.eclipse.jetty:jetty-webapp:jar:9.4.12.v20180830:compile
   org.eclipse.jetty:jetty-xml:jar:9.4.12.v20180830:compile
   javax.servlet:javax.servlet-api:jar:3.1.0:compile
   org.eclipse.jetty.websocket:websocket-server:jar:9.4.12.v20180830:compile
   org.eclipse.jetty.websocket:websocket-servlet:jar:9.4.12.v20180830:compile
   org.eclipse.jetty.websocket:websocket-client:jar:9.4.12.v20180830:compile
   org.eclipse.jetty:jetty-util:jar:9.4.12.v20180830:compile
   org.slf4j:slf4j-api:jar:1.7.25:compile
   org.eclipse.jetty:jetty-security:jar:9.4.12.v20180830:compile
   org.eclipse.jetty:jetty-client:jar:9.4.12.v20180830:compile
   org.eclipse.jetty:jetty-http:jar:9.4.12.v20180830:compile
   org.mozilla:rhino:jar:1.7R4:compile
   com.sparkjava:spark-template-handlebars:jar:2.7.1:compile
   org.eclipse.jetty.websocket:websocket-api:jar:9.4.12.v20180830:compile
   org.eclipse.jetty:jetty-io:jar:9.4.12.v20180830:compile
   org.antlr:antlr4-runtime:jar:4.5.1-1:compile
   org.eclipse.jetty:jetty-servlet:jar:9.4.12.v20180830:compile
   org.eclipse.jetty.websocket:websocket-common:jar:9.4.12.v20180830:compile
   com.google.guava:guava:jar:14.0.1:compile
   org.apache.commons:commons-lang3:jar:3.1:compile

